2014-10-14 18:32:29.249+0000 INFO  [o.n.k.InternalAbstractGraphDatabase]: No locking implementation specified, defaulting to 'community'
2014-10-14 18:32:29.333+0000 INFO  [o.n.k.i.DiagnosticsManager]: --- INITIALIZED diagnostics START ---
2014-10-14 18:32:29.334+0000 INFO  [o.n.k.i.DiagnosticsManager]: Neo4j Kernel properties:
2014-10-14 18:32:29.336+0000 INFO  [o.n.k.i.DiagnosticsManager]: neostore.propertystore.db.mapped_memory=291M
2014-10-14 18:32:29.336+0000 INFO  [o.n.k.i.DiagnosticsManager]: neostore.nodestore.db.mapped_memory=80M
2014-10-14 18:32:29.336+0000 INFO  [o.n.k.i.DiagnosticsManager]: neostore.relationshipstore.db.mapped_memory=356M
2014-10-14 18:32:29.336+0000 INFO  [o.n.k.i.DiagnosticsManager]: neostore.propertystore.db.strings.mapped_memory=247M
2014-10-14 18:32:29.336+0000 INFO  [o.n.k.i.DiagnosticsManager]: store_dir=/home/sirolf2009/Java Projects/Urenverantwoording.git/Urenverantwoording.graphdb
2014-10-14 18:32:29.336+0000 INFO  [o.n.k.i.DiagnosticsManager]: neostore.propertystore.db.arrays.mapped_memory=281M
2014-10-14 18:32:29.336+0000 INFO  [o.n.k.i.DiagnosticsManager]: ephemeral=false
2014-10-14 18:32:29.337+0000 INFO  [o.n.k.i.DiagnosticsManager]: Diagnostics providers:
2014-10-14 18:32:29.337+0000 INFO  [o.n.k.i.DiagnosticsManager]: org.neo4j.kernel.configuration.Config
2014-10-14 18:32:29.337+0000 INFO  [o.n.k.i.DiagnosticsManager]: org.neo4j.kernel.info.DiagnosticsManager
2014-10-14 18:32:29.337+0000 INFO  [o.n.k.i.DiagnosticsManager]: SYSTEM_MEMORY
2014-10-14 18:32:29.337+0000 INFO  [o.n.k.i.DiagnosticsManager]: JAVA_MEMORY
2014-10-14 18:32:29.337+0000 INFO  [o.n.k.i.DiagnosticsManager]: OPERATING_SYSTEM
2014-10-14 18:32:29.337+0000 INFO  [o.n.k.i.DiagnosticsManager]: JAVA_VIRTUAL_MACHINE
2014-10-14 18:32:29.337+0000 INFO  [o.n.k.i.DiagnosticsManager]: CLASSPATH
2014-10-14 18:32:29.338+0000 INFO  [o.n.k.i.DiagnosticsManager]: LIBRARY_PATH
2014-10-14 18:32:29.338+0000 INFO  [o.n.k.i.DiagnosticsManager]: SYSTEM_PROPERTIES
2014-10-14 18:32:29.338+0000 INFO  [o.n.k.i.DiagnosticsManager]: LINUX_SCHEDULERS
2014-10-14 18:32:29.338+0000 INFO  [o.n.k.i.DiagnosticsManager]: NETWORK
2014-10-14 18:32:29.338+0000 INFO  [o.n.k.i.DiagnosticsManager]: System memory information:
2014-10-14 18:32:29.341+0000 INFO  [o.n.k.i.DiagnosticsManager]: Total Physical memory: 3.51 GB
2014-10-14 18:32:29.341+0000 INFO  [o.n.k.i.DiagnosticsManager]: Free Physical memory: 133.32 MB
2014-10-14 18:32:29.341+0000 INFO  [o.n.k.i.DiagnosticsManager]: Committed virtual memory: 2.32 GB
2014-10-14 18:32:29.342+0000 INFO  [o.n.k.i.DiagnosticsManager]: Total swap space: 3.14 GB
2014-10-14 18:32:29.342+0000 INFO  [o.n.k.i.DiagnosticsManager]: Free swap space: 1.60 GB
2014-10-14 18:32:29.342+0000 INFO  [o.n.k.i.DiagnosticsManager]: JVM memory information:
2014-10-14 18:32:29.342+0000 INFO  [o.n.k.i.DiagnosticsManager]: Free  memory: 39.55 MB
2014-10-14 18:32:29.342+0000 INFO  [o.n.k.i.DiagnosticsManager]: Total memory: 54.50 MB
2014-10-14 18:32:29.342+0000 INFO  [o.n.k.i.DiagnosticsManager]: Max   memory: 800.00 MB
2014-10-14 18:32:29.344+0000 INFO  [o.n.k.i.DiagnosticsManager]: Garbage Collector: PS Scavenge: [PS Eden Space, PS Survivor Space]
2014-10-14 18:32:29.344+0000 INFO  [o.n.k.i.DiagnosticsManager]: Garbage Collector: PS MarkSweep: [PS Eden Space, PS Survivor Space, PS Old Gen, PS Perm Gen]
2014-10-14 18:32:29.344+0000 INFO  [o.n.k.i.DiagnosticsManager]: Memory Pool: Code Cache (Non-heap memory): committed=2.44 MB, used=567.63 kB, max=48.00 MB, threshold=0.00 B
2014-10-14 18:32:29.345+0000 INFO  [o.n.k.i.DiagnosticsManager]: Memory Pool: PS Eden Space (Heap memory): committed=15.00 MB, used=11.87 MB, max=296.00 MB, threshold=?
2014-10-14 18:32:29.345+0000 INFO  [o.n.k.i.DiagnosticsManager]: Memory Pool: PS Survivor Space (Heap memory): committed=2.00 MB, used=1.99 MB, max=2.00 MB, threshold=?
2014-10-14 18:32:29.345+0000 INFO  [o.n.k.i.DiagnosticsManager]: Memory Pool: PS Old Gen (Heap memory): committed=37.50 MB, used=1.09 MB, max=600.00 MB, threshold=0.00 B
2014-10-14 18:32:29.346+0000 INFO  [o.n.k.i.DiagnosticsManager]: Memory Pool: PS Perm Gen (Non-heap memory): committed=21.00 MB, used=10.75 MB, max=166.00 MB, threshold=0.00 B
2014-10-14 18:32:29.346+0000 INFO  [o.n.k.i.DiagnosticsManager]: Operating system information:
2014-10-14 18:32:29.346+0000 INFO  [o.n.k.i.DiagnosticsManager]: Operating System: Linux; version: 3.13.0-24-generic; arch: amd64; cpus: 8
2014-10-14 18:32:29.346+0000 INFO  [o.n.k.i.DiagnosticsManager]: Max number of file descriptors: 4096
2014-10-14 18:32:29.346+0000 INFO  [o.n.k.i.DiagnosticsManager]: Number of open file descriptors: 37
2014-10-14 18:32:29.346+0000 INFO  [o.n.k.i.DiagnosticsManager]: Process id: 15541@sirolf2009-lapt
2014-10-14 18:32:29.346+0000 INFO  [o.n.k.i.DiagnosticsManager]: Byte order: LITTLE_ENDIAN
2014-10-14 18:32:29.347+0000 INFO  [o.n.k.i.DiagnosticsManager]: Local timezone: Europe/Amsterdam
2014-10-14 18:32:29.347+0000 INFO  [o.n.k.i.DiagnosticsManager]: JVM information:
2014-10-14 18:32:29.347+0000 INFO  [o.n.k.i.DiagnosticsManager]: VM Name: OpenJDK 64-Bit Server VM
2014-10-14 18:32:29.347+0000 INFO  [o.n.k.i.DiagnosticsManager]: VM Vendor: Oracle Corporation
2014-10-14 18:32:29.347+0000 INFO  [o.n.k.i.DiagnosticsManager]: VM Version: 24.65-b04
2014-10-14 18:32:29.347+0000 INFO  [o.n.k.i.DiagnosticsManager]: JIT compiler: HotSpot 64-Bit Tiered Compilers
2014-10-14 18:32:29.348+0000 INFO  [o.n.k.i.DiagnosticsManager]: VM Arguments: [-Dfile.encoding=UTF-8]
2014-10-14 18:32:29.348+0000 INFO  [o.n.k.i.DiagnosticsManager]: Java classpath:
2014-10-14 18:32:29.349+0000 INFO  [o.n.k.i.DiagnosticsManager]:  [loader.1] file:/usr/lib/jvm/java-7-openjdk-amd64/jre/lib/ext/libatk-wrapper.so
2014-10-14 18:32:29.349+0000 INFO  [o.n.k.i.DiagnosticsManager]:  [classpath + loader.0] file:/home/sirolf2009/bin/Neo4J/lib/neo4j-cypher-2.1.5.jar
2014-10-14 18:32:29.349+0000 INFO  [o.n.k.i.DiagnosticsManager]:  [classpath + loader.0] file:/home/sirolf2009/bin/Neo4J/lib/neo4j-kernel-2.1.5.jar
2014-10-14 18:32:29.349+0000 INFO  [o.n.k.i.DiagnosticsManager]:  [classpath] /home/sirolf2009/Java Projects/Urenverantwoording.git/lib/neo4j-desktop-2.1.4.jar
2014-10-14 18:32:29.349+0000 INFO  [o.n.k.i.DiagnosticsManager]:  [bootstrap] /usr/lib/jvm/java-7-openjdk-amd64/jre/lib/jce.jar
2014-10-14 18:32:29.349+0000 INFO  [o.n.k.i.DiagnosticsManager]:  [loader.1] file:/usr/lib/jvm/java-7-openjdk-amd64/jre/lib/ext/dnsns.jar
2014-10-14 18:32:29.349+0000 INFO  [o.n.k.i.DiagnosticsManager]:  [classpath + loader.0] file:/home/sirolf2009/bin/Neo4J/lib/lucene-core-3.6.2.jar
2014-10-14 18:32:29.349+0000 INFO  [o.n.k.i.DiagnosticsManager]:  [loader.0] file:/home/sirolf2009/Java%20Projects/Urenverantwoording.git/lib/commons-cli-1.2.jar
2014-10-14 18:32:29.349+0000 INFO  [o.n.k.i.DiagnosticsManager]:  [bootstrap] /usr/lib/jvm/java-7-openjdk-amd64/jre/lib/charsets.jar
2014-10-14 18:32:29.349+0000 INFO  [o.n.k.i.DiagnosticsManager]:  [bootstrap] /usr/lib/jvm/java-7-openjdk-amd64/jre/lib/jsse.jar
2014-10-14 18:32:29.349+0000 INFO  [o.n.k.i.DiagnosticsManager]:  [bootstrap] /usr/lib/jvm/java-7-openjdk-amd64/jre/lib/sunrsasign.jar
2014-10-14 18:32:29.349+0000 INFO  [o.n.k.i.DiagnosticsManager]:  [classpath + loader.0] file:/home/sirolf2009/bin/Neo4J/lib/parboiled-core-1.1.6.jar
2014-10-14 18:32:29.349+0000 INFO  [o.n.k.i.DiagnosticsManager]:  [classpath + loader.0] file:/home/sirolf2009/bin/Neo4J/lib/neo4j-cypher-compiler-2.1-2.1.5.jar
2014-10-14 18:32:29.349+0000 INFO  [o.n.k.i.DiagnosticsManager]:  [bootstrap] /usr/lib/jvm/java-7-openjdk-amd64/jre/lib/rhino.jar
2014-10-14 18:32:29.349+0000 INFO  [o.n.k.i.DiagnosticsManager]:  [classpath + loader.0] file:/home/sirolf2009/bin/Neo4J/lib/neo4j-primitive-collections-2.1.5.jar
2014-10-14 18:32:29.349+0000 INFO  [o.n.k.i.DiagnosticsManager]:  [loader.1] file:/usr/lib/jvm/java-7-openjdk-amd64/jre/lib/ext/zipfs.jar
2014-10-14 18:32:29.349+0000 INFO  [o.n.k.i.DiagnosticsManager]:  [classpath + loader.0] file:/home/sirolf2009/bin/Neo4J/lib/neo4j-jmx-2.1.5.jar
2014-10-14 18:32:29.349+0000 INFO  [o.n.k.i.DiagnosticsManager]:  [loader.1] file:/usr/lib/jvm/java-7-openjdk-amd64/jre/lib/ext/sunpkcs11.jar
2014-10-14 18:32:29.349+0000 INFO  [o.n.k.i.DiagnosticsManager]:  [classpath + loader.0] file:/home/sirolf2009/bin/Neo4J/lib/neo4j-graph-algo-2.1.5.jar
2014-10-14 18:32:29.349+0000 INFO  [o.n.k.i.DiagnosticsManager]:  [classpath + loader.0] file:/home/sirolf2009/bin/Neo4J/lib/geronimo-jta_1.1_spec-1.1.1.jar
2014-10-14 18:32:29.349+0000 INFO  [o.n.k.i.DiagnosticsManager]:  [loader.1] file:/usr/share/java/java-atk-wrapper.jar
2014-10-14 18:32:29.349+0000 INFO  [o.n.k.i.DiagnosticsManager]:  [loader.0] file:/home/sirolf2009/Java%20Projects/NeoUtil/bin/
2014-10-14 18:32:29.349+0000 INFO  [o.n.k.i.DiagnosticsManager]:  [classpath + loader.0] file:/home/sirolf2009/workspace/Urenverantwoording/bin/
2014-10-14 18:32:29.349+0000 INFO  [o.n.k.i.DiagnosticsManager]:  [classpath] /home/sirolf2009/Java Projects/Urenverantwoording.git/lib/commons-cli-1.2.jar
2014-10-14 18:32:29.349+0000 INFO  [o.n.k.i.DiagnosticsManager]:  [classpath + loader.0] file:/home/sirolf2009/bin/Neo4J/lib/parboiled-scala_2.10-1.1.6.jar
2014-10-14 18:32:29.349+0000 INFO  [o.n.k.i.DiagnosticsManager]:  [loader.0] file:/home/sirolf2009/Java%20Projects/Urenverantwoording.git/lib/neo4j-desktop-2.1.4.jar
2014-10-14 18:32:29.350+0000 INFO  [o.n.k.i.DiagnosticsManager]:  [classpath + loader.0] file:/home/sirolf2009/bin/Neo4J/lib/neo4j-lucene-index-2.1.5.jar
2014-10-14 18:32:29.350+0000 INFO  [o.n.k.i.DiagnosticsManager]:  [classpath + loader.0] file:/home/sirolf2009/bin/Neo4J/lib/server-api-2.1.5.jar
2014-10-14 18:32:29.350+0000 INFO  [o.n.k.i.DiagnosticsManager]:  [bootstrap] /usr/lib/jvm/java-7-openjdk-amd64/jre/classes
2014-10-14 18:32:29.350+0000 INFO  [o.n.k.i.DiagnosticsManager]:  [classpath + loader.0] file:/home/sirolf2009/bin/Neo4J/lib/org.apache.servicemix.bundles.jline-0.9.94_1.jar
2014-10-14 18:32:29.350+0000 INFO  [o.n.k.i.DiagnosticsManager]:  [bootstrap] /usr/lib/jvm/java-7-openjdk-amd64/jre/lib/jfr.jar
2014-10-14 18:32:29.350+0000 INFO  [o.n.k.i.DiagnosticsManager]:  [classpath + loader.0] file:/home/sirolf2009/bin/Neo4J/lib/scala-library-2.10.4.jar
2014-10-14 18:32:29.350+0000 INFO  [o.n.k.i.DiagnosticsManager]:  [classpath] /home/sirolf2009/Java Projects/NeoUtil/bin
2014-10-14 18:32:29.350+0000 INFO  [o.n.k.i.DiagnosticsManager]:  [bootstrap] /usr/lib/jvm/java-7-openjdk-amd64/jre/lib/rt.jar
2014-10-14 18:32:29.350+0000 INFO  [o.n.k.i.DiagnosticsManager]:  [bootstrap] /usr/lib/jvm/java-7-openjdk-amd64/jre/lib/resources.jar
2014-10-14 18:32:29.350+0000 INFO  [o.n.k.i.DiagnosticsManager]:  [classpath + loader.0] file:/home/sirolf2009/bin/Neo4J/lib/neo4j-cypher-commons-2.1.5.jar
2014-10-14 18:32:29.350+0000 INFO  [o.n.k.i.DiagnosticsManager]:  [classpath + loader.0] file:/home/sirolf2009/bin/Neo4J/lib/opencsv-2.0.jar
2014-10-14 18:32:29.350+0000 INFO  [o.n.k.i.DiagnosticsManager]:  [classpath + loader.0] file:/home/sirolf2009/bin/Neo4J/lib/neo4j-udc-2.1.5.jar
2014-10-14 18:32:29.350+0000 INFO  [o.n.k.i.DiagnosticsManager]:  [classpath + loader.0] file:/home/sirolf2009/bin/Neo4J/lib/concurrentlinkedhashmap-lru-1.3.1.jar
2014-10-14 18:32:29.350+0000 INFO  [o.n.k.i.DiagnosticsManager]:  [loader.1] file:/usr/lib/jvm/java-7-openjdk-amd64/jre/lib/ext/pulse-java.jar
2014-10-14 18:32:29.350+0000 INFO  [o.n.k.i.DiagnosticsManager]:  [classpath + loader.0] file:/home/sirolf2009/bin/Neo4J/lib/neo4j-cypher-compiler-2.0-2.0.3.jar
2014-10-14 18:32:29.350+0000 INFO  [o.n.k.i.DiagnosticsManager]:  [classpath + loader.0] file:/home/sirolf2009/bin/Neo4J/lib/neo4j-graph-matching-2.1.5.jar
2014-10-14 18:32:29.350+0000 INFO  [o.n.k.i.DiagnosticsManager]:  [classpath + loader.0] file:/home/sirolf2009/bin/Neo4J/lib/neo4j-shell-2.1.5.jar
2014-10-14 18:32:29.350+0000 INFO  [o.n.k.i.DiagnosticsManager]:  [loader.1] file:/usr/lib/jvm/java-7-openjdk-amd64/jre/lib/ext/sunjce_provider.jar
2014-10-14 18:32:29.350+0000 INFO  [o.n.k.i.DiagnosticsManager]:  [loader.1] file:/usr/lib/jvm/java-7-openjdk-amd64/jre/lib/ext/localedata.jar
2014-10-14 18:32:29.350+0000 INFO  [o.n.k.i.DiagnosticsManager]:  [classpath + loader.0] file:/home/sirolf2009/bin/Neo4J/lib/neo4j-cypher-compiler-1.9-2.0.3.jar
2014-10-14 18:32:29.350+0000 INFO  [o.n.k.i.DiagnosticsManager]: Library path:
2014-10-14 18:32:29.350+0000 INFO  [o.n.k.i.DiagnosticsManager]: /usr/java/packages/lib/amd64
2014-10-14 18:32:29.350+0000 INFO  [o.n.k.i.DiagnosticsManager]: /usr/lib/x86_64-linux-gnu/jni
2014-10-14 18:32:29.350+0000 INFO  [o.n.k.i.DiagnosticsManager]: /lib/x86_64-linux-gnu
2014-10-14 18:32:29.350+0000 INFO  [o.n.k.i.DiagnosticsManager]: /usr/lib/x86_64-linux-gnu
2014-10-14 18:32:29.350+0000 INFO  [o.n.k.i.DiagnosticsManager]: /usr/lib/jni
2014-10-14 18:32:29.351+0000 INFO  [o.n.k.i.DiagnosticsManager]: /lib
2014-10-14 18:32:29.351+0000 INFO  [o.n.k.i.DiagnosticsManager]: /usr/lib
2014-10-14 18:32:29.351+0000 INFO  [o.n.k.i.DiagnosticsManager]: System.properties:
2014-10-14 18:32:29.351+0000 INFO  [o.n.k.i.DiagnosticsManager]: sun.boot.library.path = /usr/lib/jvm/java-7-openjdk-amd64/jre/lib/amd64
2014-10-14 18:32:29.351+0000 INFO  [o.n.k.i.DiagnosticsManager]: path.separator = :
2014-10-14 18:32:29.351+0000 INFO  [o.n.k.i.DiagnosticsManager]: file.encoding.pkg = sun.io
2014-10-14 18:32:29.351+0000 INFO  [o.n.k.i.DiagnosticsManager]: user.country = US
2014-10-14 18:32:29.351+0000 INFO  [o.n.k.i.DiagnosticsManager]: sun.java.launcher = SUN_STANDARD
2014-10-14 18:32:29.351+0000 INFO  [o.n.k.i.DiagnosticsManager]: sun.os.patch.level = unknown
2014-10-14 18:32:29.351+0000 INFO  [o.n.k.i.DiagnosticsManager]: user.dir = /home/sirolf2009/workspace/Urenverantwoording
2014-10-14 18:32:29.351+0000 INFO  [o.n.k.i.DiagnosticsManager]: sun.jnu.encoding = UTF-8
2014-10-14 18:32:29.351+0000 INFO  [o.n.k.i.DiagnosticsManager]: sun.management.compiler = HotSpot 64-Bit Tiered Compilers
2014-10-14 18:32:29.351+0000 INFO  [o.n.k.i.DiagnosticsManager]: user.home = /home/sirolf2009
2014-10-14 18:32:29.351+0000 INFO  [o.n.k.i.DiagnosticsManager]: user.timezone = Europe/Amsterdam
2014-10-14 18:32:29.351+0000 INFO  [o.n.k.i.DiagnosticsManager]: file.encoding = UTF-8
2014-10-14 18:32:29.351+0000 INFO  [o.n.k.i.DiagnosticsManager]: user.name = sirolf2009
2014-10-14 18:32:29.351+0000 INFO  [o.n.k.i.DiagnosticsManager]: sun.java.command = com.sirolf2009goku.urenverantwoording.Main
2014-10-14 18:32:29.351+0000 INFO  [o.n.k.i.DiagnosticsManager]: sun.arch.data.model = 64
2014-10-14 18:32:29.351+0000 INFO  [o.n.k.i.DiagnosticsManager]: user.language = en
2014-10-14 18:32:29.351+0000 INFO  [o.n.k.i.DiagnosticsManager]: awt.toolkit = sun.awt.X11.XToolkit
2014-10-14 18:32:29.351+0000 INFO  [o.n.k.i.DiagnosticsManager]: file.separator = /
2014-10-14 18:32:29.351+0000 INFO  [o.n.k.i.DiagnosticsManager]: sun.io.unicode.encoding = UnicodeLittle
2014-10-14 18:32:29.351+0000 INFO  [o.n.k.i.DiagnosticsManager]: sun.cpu.endian = little
2014-10-14 18:32:29.352+0000 INFO  [o.n.k.i.DiagnosticsManager]: sun.desktop = gnome
2014-10-14 18:32:29.352+0000 INFO  [o.n.k.i.DiagnosticsManager]: sun.cpu.isalist = 
2014-10-14 18:32:29.352+0000 INFO  [o.n.k.i.DiagnosticsManager]: Linux scheduler information:
2014-10-14 18:32:29.353+0000 INFO  [o.n.k.i.DiagnosticsManager]: noop [deadline] cfq 
2014-10-14 18:32:29.353+0000 INFO  [o.n.k.i.DiagnosticsManager]: noop [deadline] cfq 
2014-10-14 18:32:29.353+0000 INFO  [o.n.k.i.DiagnosticsManager]: none
2014-10-14 18:32:29.353+0000 INFO  [o.n.k.i.DiagnosticsManager]: none
2014-10-14 18:32:29.353+0000 INFO  [o.n.k.i.DiagnosticsManager]: none
2014-10-14 18:32:29.353+0000 INFO  [o.n.k.i.DiagnosticsManager]: none
2014-10-14 18:32:29.353+0000 INFO  [o.n.k.i.DiagnosticsManager]: none
2014-10-14 18:32:29.353+0000 INFO  [o.n.k.i.DiagnosticsManager]: none
2014-10-14 18:32:29.353+0000 INFO  [o.n.k.i.DiagnosticsManager]: none
2014-10-14 18:32:29.354+0000 INFO  [o.n.k.i.DiagnosticsManager]: none
2014-10-14 18:32:29.354+0000 INFO  [o.n.k.i.DiagnosticsManager]: none
2014-10-14 18:32:29.354+0000 INFO  [o.n.k.i.DiagnosticsManager]: none
2014-10-14 18:32:29.354+0000 INFO  [o.n.k.i.DiagnosticsManager]: none
2014-10-14 18:32:29.354+0000 INFO  [o.n.k.i.DiagnosticsManager]: none
2014-10-14 18:32:29.354+0000 INFO  [o.n.k.i.DiagnosticsManager]: none
2014-10-14 18:32:29.354+0000 INFO  [o.n.k.i.DiagnosticsManager]: none
2014-10-14 18:32:29.354+0000 INFO  [o.n.k.i.DiagnosticsManager]: none
2014-10-14 18:32:29.354+0000 INFO  [o.n.k.i.DiagnosticsManager]: none
2014-10-14 18:32:29.354+0000 INFO  [o.n.k.i.DiagnosticsManager]: none
2014-10-14 18:32:29.355+0000 INFO  [o.n.k.i.DiagnosticsManager]: none
2014-10-14 18:32:29.355+0000 INFO  [o.n.k.i.DiagnosticsManager]: none
2014-10-14 18:32:29.355+0000 INFO  [o.n.k.i.DiagnosticsManager]: none
2014-10-14 18:32:29.355+0000 INFO  [o.n.k.i.DiagnosticsManager]: none
2014-10-14 18:32:29.355+0000 INFO  [o.n.k.i.DiagnosticsManager]: none
2014-10-14 18:32:29.355+0000 INFO  [o.n.k.i.DiagnosticsManager]: none
2014-10-14 18:32:29.355+0000 INFO  [o.n.k.i.DiagnosticsManager]: none
2014-10-14 18:32:29.355+0000 INFO  [o.n.k.i.DiagnosticsManager]: Network information:
2014-10-14 18:32:29.356+0000 INFO  [o.n.k.i.DiagnosticsManager]: Interface wlan0:
2014-10-14 18:32:29.356+0000 INFO  [o.n.k.i.DiagnosticsManager]:     address: fe80:0:0:0:8200:bff:fe2e:935c%3
2014-10-14 18:32:29.356+0000 INFO  [o.n.k.i.DiagnosticsManager]:     address: 192.168.0.119
2014-10-14 18:32:29.356+0000 INFO  [o.n.k.i.DiagnosticsManager]: Interface lo:
2014-10-14 18:32:29.357+0000 INFO  [o.n.k.i.DiagnosticsManager]:     address: 0:0:0:0:0:0:0:1%1
2014-10-14 18:32:29.357+0000 INFO  [o.n.k.i.DiagnosticsManager]:     address: 127.0.0.1
2014-10-14 18:32:29.357+0000 INFO  [o.n.k.i.DiagnosticsManager]: --- INITIALIZED diagnostics END ---
2014-10-14 18:32:29.526+0000 INFO  [o.n.k.i.n.s.StoreFactory]: Creating new db @ /home/sirolf2009/Java Projects/Urenverantwoording.git/Urenverantwoording.graphdb/neostore
2014-10-14 18:32:30.787+0000 INFO  [o.n.k.i.n.s.StoreFactory]: [/home/sirolf2009/Java Projects/Urenverantwoording.git/Urenverantwoording.graphdb/neostore.relationshiptypestore.db.names] brickCount=0 brickSize=0b mappedMem=0b (storeSize=38b)
2014-10-14 18:32:30.788+0000 INFO  [o.n.k.i.n.s.StoreFactory]: [/home/sirolf2009/Java Projects/Urenverantwoording.git/Urenverantwoording.graphdb/neostore.relationshiptypestore.db] brickCount=0 brickSize=0b mappedMem=0b (storeSize=0b)
2014-10-14 18:32:30.853+0000 INFO  [o.n.k.i.n.s.StoreFactory]: /home/sirolf2009/Java Projects/Urenverantwoording.git/Urenverantwoording.graphdb/neostore.relationshiptypestore.db.names hit=0 miss=0 switches=0 ooe=0
2014-10-14 18:32:30.970+0000 INFO  [o.n.k.i.n.s.StoreFactory]: /home/sirolf2009/Java Projects/Urenverantwoording.git/Urenverantwoording.graphdb/neostore.relationshiptypestore.db hit=0 miss=0 switches=0 ooe=0
2014-10-14 18:32:31.208+0000 INFO  [o.n.k.i.n.s.StoreFactory]: [/home/sirolf2009/Java Projects/Urenverantwoording.git/Urenverantwoording.graphdb/neostore.labeltokenstore.db.names] brickCount=0 brickSize=0b mappedMem=0b (storeSize=38b)
2014-10-14 18:32:31.209+0000 INFO  [o.n.k.i.n.s.StoreFactory]: [/home/sirolf2009/Java Projects/Urenverantwoording.git/Urenverantwoording.graphdb/neostore.labeltokenstore.db] brickCount=0 brickSize=0b mappedMem=0b (storeSize=0b)
2014-10-14 18:32:31.280+0000 INFO  [o.n.k.i.n.s.StoreFactory]: /home/sirolf2009/Java Projects/Urenverantwoording.git/Urenverantwoording.graphdb/neostore.labeltokenstore.db.names hit=0 miss=0 switches=0 ooe=0
2014-10-14 18:32:31.322+0000 INFO  [o.n.k.i.n.s.StoreFactory]: /home/sirolf2009/Java Projects/Urenverantwoording.git/Urenverantwoording.graphdb/neostore.labeltokenstore.db hit=0 miss=0 switches=0 ooe=0
2014-10-14 18:32:31.541+0000 INFO  [o.n.k.i.n.s.StoreFactory]: [/home/sirolf2009/Java Projects/Urenverantwoording.git/Urenverantwoording.graphdb/neostore.relationshiptypestore.db.names] brickCount=0 brickSize=0b mappedMem=0b (storeSize=38b)
2014-10-14 18:32:31.542+0000 INFO  [o.n.k.i.n.s.StoreFactory]: [/home/sirolf2009/Java Projects/Urenverantwoording.git/Urenverantwoording.graphdb/neostore.relationshiptypestore.db] brickCount=0 brickSize=0b mappedMem=0b (storeSize=0b)
2014-10-14 18:32:31.542+0000 INFO  [o.n.k.i.n.s.StoreFactory]: [/home/sirolf2009/Java Projects/Urenverantwoording.git/Urenverantwoording.graphdb/neostore.labeltokenstore.db.names] brickCount=0 brickSize=0b mappedMem=0b (storeSize=38b)
2014-10-14 18:32:31.542+0000 INFO  [o.n.k.i.n.s.StoreFactory]: [/home/sirolf2009/Java Projects/Urenverantwoording.git/Urenverantwoording.graphdb/neostore.labeltokenstore.db] brickCount=0 brickSize=0b mappedMem=0b (storeSize=0b)
2014-10-14 18:32:31.543+0000 INFO  [o.n.k.i.n.s.StoreFactory]: [/home/sirolf2009/Java Projects/Urenverantwoording.git/Urenverantwoording.graphdb/neostore.propertystore.db.strings] brickCount=0 brickSize=258944b mappedMem=258998272b (storeSize=128b)
2014-10-14 18:32:31.544+0000 INFO  [o.n.k.i.n.s.StoreFactory]: [/home/sirolf2009/Java Projects/Urenverantwoording.git/Urenverantwoording.graphdb/neostore.propertystore.db.index.keys] brickCount=0 brickSize=0b mappedMem=0b (storeSize=38b)
2014-10-14 18:32:31.545+0000 INFO  [o.n.k.i.n.s.StoreFactory]: [/home/sirolf2009/Java Projects/Urenverantwoording.git/Urenverantwoording.graphdb/neostore.propertystore.db.index] brickCount=0 brickSize=0b mappedMem=0b (storeSize=0b)
2014-10-14 18:32:31.545+0000 INFO  [o.n.k.i.n.s.StoreFactory]: [/home/sirolf2009/Java Projects/Urenverantwoording.git/Urenverantwoording.graphdb/neostore.propertystore.db.arrays] brickCount=0 brickSize=294528b mappedMem=294649856b (storeSize=128b)
2014-10-14 18:32:31.548+0000 INFO  [o.n.k.i.n.s.StoreFactory]: [/home/sirolf2009/Java Projects/Urenverantwoording.git/Urenverantwoording.graphdb/neostore.propertystore.db] brickCount=0 brickSize=3051343b mappedMem=305135616b (storeSize=0b)
2014-10-14 18:32:31.566+0000 INFO  [o.n.k.i.n.s.StoreFactory]: [/home/sirolf2009/Java Projects/Urenverantwoording.git/Urenverantwoording.graphdb/neostore.relationshipstore.db] brickCount=0 brickSize=3732928b mappedMem=373293056b (storeSize=0b)
2014-10-14 18:32:31.567+0000 INFO  [o.n.k.i.n.s.StoreFactory]: [/home/sirolf2009/Java Projects/Urenverantwoording.git/Urenverantwoording.graphdb/neostore.nodestore.db.labels] brickCount=0 brickSize=0b mappedMem=0b (storeSize=68b)
2014-10-14 18:32:31.568+0000 INFO  [o.n.k.i.n.s.StoreFactory]: [/home/sirolf2009/Java Projects/Urenverantwoording.git/Urenverantwoording.graphdb/neostore.nodestore.db] brickCount=0 brickSize=838860b mappedMem=83886080b (storeSize=0b)
2014-10-14 18:32:31.568+0000 INFO  [o.n.k.i.n.s.StoreFactory]: [/home/sirolf2009/Java Projects/Urenverantwoording.git/Urenverantwoording.graphdb/neostore.schemastore.db] brickCount=0 brickSize=0b mappedMem=0b (storeSize=64b)
2014-10-14 18:32:31.569+0000 INFO  [o.n.k.i.n.s.StoreFactory]: [/home/sirolf2009/Java Projects/Urenverantwoording.git/Urenverantwoording.graphdb/neostore.relationshipgroupstore.db] brickCount=0 brickSize=0b mappedMem=0b (storeSize=25b)
2014-10-14 18:32:31.570+0000 INFO  [o.n.k.i.n.s.StoreFactory]: [/home/sirolf2009/Java Projects/Urenverantwoording.git/Urenverantwoording.graphdb/neostore] brickCount=0 brickSize=0b mappedMem=0b (storeSize=0b)
2014-10-14 18:32:31.657+0000 INFO  [o.n.k.i.n.s.StoreFactory]: /home/sirolf2009/Java Projects/Urenverantwoording.git/Urenverantwoording.graphdb/neostore.relationshiptypestore.db.names hit=0 miss=0 switches=0 ooe=0
2014-10-14 18:32:31.707+0000 INFO  [o.n.k.i.n.s.StoreFactory]: /home/sirolf2009/Java Projects/Urenverantwoording.git/Urenverantwoording.graphdb/neostore.relationshiptypestore.db hit=0 miss=0 switches=0 ooe=0
2014-10-14 18:32:31.803+0000 INFO  [o.n.k.i.n.s.StoreFactory]: /home/sirolf2009/Java Projects/Urenverantwoording.git/Urenverantwoording.graphdb/neostore.labeltokenstore.db.names hit=0 miss=0 switches=0 ooe=0
2014-10-14 18:32:31.907+0000 INFO  [o.n.k.i.n.s.StoreFactory]: /home/sirolf2009/Java Projects/Urenverantwoording.git/Urenverantwoording.graphdb/neostore.labeltokenstore.db hit=0 miss=0 switches=0 ooe=0
2014-10-14 18:32:31.966+0000 INFO  [o.n.k.i.n.s.StoreFactory]: /home/sirolf2009/Java Projects/Urenverantwoording.git/Urenverantwoording.graphdb/neostore.propertystore.db.strings hit=0 miss=0 switches=0 ooe=0
2014-10-14 18:32:32.008+0000 INFO  [o.n.k.i.n.s.StoreFactory]: /home/sirolf2009/Java Projects/Urenverantwoording.git/Urenverantwoording.graphdb/neostore.propertystore.db.index.keys hit=0 miss=0 switches=0 ooe=0
2014-10-14 18:32:32.058+0000 INFO  [o.n.k.i.n.s.StoreFactory]: /home/sirolf2009/Java Projects/Urenverantwoording.git/Urenverantwoording.graphdb/neostore.propertystore.db.index hit=0 miss=0 switches=0 ooe=0
2014-10-14 18:32:32.108+0000 INFO  [o.n.k.i.n.s.StoreFactory]: /home/sirolf2009/Java Projects/Urenverantwoording.git/Urenverantwoording.graphdb/neostore.propertystore.db.arrays hit=0 miss=0 switches=0 ooe=0
2014-10-14 18:32:32.159+0000 INFO  [o.n.k.i.n.s.StoreFactory]: /home/sirolf2009/Java Projects/Urenverantwoording.git/Urenverantwoording.graphdb/neostore.propertystore.db hit=0 miss=0 switches=0 ooe=0
2014-10-14 18:32:32.211+0000 INFO  [o.n.k.i.n.s.StoreFactory]: /home/sirolf2009/Java Projects/Urenverantwoording.git/Urenverantwoording.graphdb/neostore.relationshipstore.db hit=0 miss=0 switches=0 ooe=0
2014-10-14 18:32:32.269+0000 INFO  [o.n.k.i.n.s.StoreFactory]: /home/sirolf2009/Java Projects/Urenverantwoording.git/Urenverantwoording.graphdb/neostore.nodestore.db.labels hit=0 miss=0 switches=0 ooe=0
2014-10-14 18:32:32.328+0000 INFO  [o.n.k.i.n.s.StoreFactory]: /home/sirolf2009/Java Projects/Urenverantwoording.git/Urenverantwoording.graphdb/neostore.nodestore.db hit=0 miss=0 switches=0 ooe=0
2014-10-14 18:32:32.378+0000 INFO  [o.n.k.i.n.s.StoreFactory]: /home/sirolf2009/Java Projects/Urenverantwoording.git/Urenverantwoording.graphdb/neostore.schemastore.db hit=0 miss=0 switches=0 ooe=0
2014-10-14 18:32:32.428+0000 INFO  [o.n.k.i.n.s.StoreFactory]: /home/sirolf2009/Java Projects/Urenverantwoording.git/Urenverantwoording.graphdb/neostore.relationshipgroupstore.db hit=0 miss=0 switches=0 ooe=0
2014-10-14 18:32:32.520+0000 INFO  [o.n.k.i.n.s.StoreFactory]: /home/sirolf2009/Java Projects/Urenverantwoording.git/Urenverantwoording.graphdb/neostore hit=0 miss=10 switches=0 ooe=0
2014-10-14 18:32:32.583+0000 INFO  [o.n.k.i.n.s.StoreFactory]: [/home/sirolf2009/Java Projects/Urenverantwoording.git/Urenverantwoording.graphdb/neostore.relationshiptypestore.db.names] brickCount=0 brickSize=0b mappedMem=0b (storeSize=38b)
2014-10-14 18:32:32.584+0000 INFO  [o.n.k.i.n.s.StoreFactory]: [/home/sirolf2009/Java Projects/Urenverantwoording.git/Urenverantwoording.graphdb/neostore.relationshiptypestore.db] brickCount=0 brickSize=0b mappedMem=0b (storeSize=0b)
2014-10-14 18:32:32.584+0000 INFO  [o.n.k.i.n.s.StoreFactory]: [/home/sirolf2009/Java Projects/Urenverantwoording.git/Urenverantwoording.graphdb/neostore.labeltokenstore.db.names] brickCount=0 brickSize=0b mappedMem=0b (storeSize=38b)
2014-10-14 18:32:32.584+0000 INFO  [o.n.k.i.n.s.StoreFactory]: [/home/sirolf2009/Java Projects/Urenverantwoording.git/Urenverantwoording.graphdb/neostore.labeltokenstore.db] brickCount=0 brickSize=0b mappedMem=0b (storeSize=0b)
2014-10-14 18:32:32.585+0000 INFO  [o.n.k.i.n.s.StoreFactory]: [/home/sirolf2009/Java Projects/Urenverantwoording.git/Urenverantwoording.graphdb/neostore.propertystore.db.strings] brickCount=0 brickSize=258944b mappedMem=258998272b (storeSize=128b)
2014-10-14 18:32:32.585+0000 INFO  [o.n.k.i.n.s.StoreFactory]: [/home/sirolf2009/Java Projects/Urenverantwoording.git/Urenverantwoording.graphdb/neostore.propertystore.db.index.keys] brickCount=0 brickSize=0b mappedMem=0b (storeSize=38b)
2014-10-14 18:32:32.585+0000 INFO  [o.n.k.i.n.s.StoreFactory]: [/home/sirolf2009/Java Projects/Urenverantwoording.git/Urenverantwoording.graphdb/neostore.propertystore.db.index] brickCount=0 brickSize=0b mappedMem=0b (storeSize=0b)
2014-10-14 18:32:32.585+0000 INFO  [o.n.k.i.n.s.StoreFactory]: [/home/sirolf2009/Java Projects/Urenverantwoording.git/Urenverantwoording.graphdb/neostore.propertystore.db.arrays] brickCount=0 brickSize=294528b mappedMem=294649856b (storeSize=128b)
2014-10-14 18:32:32.586+0000 INFO  [o.n.k.i.n.s.StoreFactory]: [/home/sirolf2009/Java Projects/Urenverantwoording.git/Urenverantwoording.graphdb/neostore.propertystore.db] brickCount=0 brickSize=3051343b mappedMem=305135616b (storeSize=0b)
2014-10-14 18:32:32.586+0000 INFO  [o.n.k.i.n.s.StoreFactory]: [/home/sirolf2009/Java Projects/Urenverantwoording.git/Urenverantwoording.graphdb/neostore.relationshipstore.db] brickCount=0 brickSize=3732928b mappedMem=373293056b (storeSize=0b)
2014-10-14 18:32:32.586+0000 INFO  [o.n.k.i.n.s.StoreFactory]: [/home/sirolf2009/Java Projects/Urenverantwoording.git/Urenverantwoording.graphdb/neostore.nodestore.db.labels] brickCount=0 brickSize=0b mappedMem=0b (storeSize=68b)
2014-10-14 18:32:32.586+0000 INFO  [o.n.k.i.n.s.StoreFactory]: [/home/sirolf2009/Java Projects/Urenverantwoording.git/Urenverantwoording.graphdb/neostore.nodestore.db] brickCount=0 brickSize=838860b mappedMem=83886080b (storeSize=0b)
2014-10-14 18:32:32.587+0000 INFO  [o.n.k.i.n.s.StoreFactory]: [/home/sirolf2009/Java Projects/Urenverantwoording.git/Urenverantwoording.graphdb/neostore.schemastore.db] brickCount=0 brickSize=0b mappedMem=0b (storeSize=64b)
2014-10-14 18:32:32.587+0000 INFO  [o.n.k.i.n.s.StoreFactory]: [/home/sirolf2009/Java Projects/Urenverantwoording.git/Urenverantwoording.graphdb/neostore.relationshipgroupstore.db] brickCount=0 brickSize=0b mappedMem=0b (storeSize=25b)
2014-10-14 18:32:32.587+0000 INFO  [o.n.k.i.n.s.StoreFactory]: [/home/sirolf2009/Java Projects/Urenverantwoording.git/Urenverantwoording.graphdb/neostore] brickCount=0 brickSize=0b mappedMem=0b (storeSize=81b)
2014-10-14 18:32:32.860+0000 INFO  [o.n.k.a.i.i.LuceneLabelScanStore]: No lucene scan store index found, this might just be first use. Preparing to rebuild.
2014-10-14 18:32:32.938+0000 INFO  [o.n.k.a.i.i.LuceneLabelScanStore]: No lucene scan store index found, this might just be first use. Preparing to rebuild.
2014-10-14 18:32:33.063+0000 INFO  [o.n.k.i.t.x.XaLogicalLog]: Opened logical log [/home/sirolf2009/Java Projects/Urenverantwoording.git/Urenverantwoording.graphdb/nioneo_logical.log.1] version=0, lastTxId=1 (clean)
2014-10-14 18:32:33.164+0000 INFO  [o.n.k.a.i.i.LuceneLabelScanStore]: Rebuilding lucene scan store, this may take a while
2014-10-14 18:32:33.180+0000 INFO  [o.n.k.a.i.i.LuceneLabelScanStore]: Lucene scan store rebuilt (roughly -1 nodes)
2014-10-14 18:32:33.186+0000 INFO  [o.n.k.i.t.TxManager]: TM new log: tm_tx_log.1
2014-10-14 18:32:33.244+0000 INFO  [o.n.k.i.t.KernelHealth]: Kernel health set to OK
2014-10-14 18:32:33.267+0000 INFO  [o.n.k.i.t.x.XaLogicalLog]: Opened logical log [/home/sirolf2009/Java Projects/Urenverantwoording.git/Urenverantwoording.graphdb/index/lucene.log.1] version=0, lastTxId=1 (clean)
2014-10-14 18:32:33.316+0000 INFO  [o.n.k.i.DiagnosticsManager]: --- STARTED diagnostics for KernelDiagnostics:Versions START ---
2014-10-14 18:32:33.316+0000 INFO  [o.n.k.i.DiagnosticsManager]: Graph Database: org.neo4j.kernel.EmbeddedGraphDatabase StoreId{creationTime=1413311549603, randomId=-4917233730923577867, storeVersion=14406081294923270, upgradeTime=1413311549603, upgradeId=-4917233730923577867}
2014-10-14 18:32:33.316+0000 INFO  [o.n.k.i.DiagnosticsManager]: Kernel version: Neo4j Desktop (neo4j-desktop), version: 2.1.4
2014-10-14 18:32:33.316+0000 INFO  [o.n.k.i.DiagnosticsManager]: Neo4j component versions:
2014-10-14 18:32:33.324+0000 INFO  [o.n.k.i.DiagnosticsManager]:   Neo4j Desktop (neo4j-jmx), version: 2.1.4; revision: 2.1.4:2.1-maint:472/9e3b31ae01b01caaaa433d8843b81d7c355e8f69
2014-10-14 18:32:33.324+0000 INFO  [o.n.k.i.DiagnosticsManager]:   Neo4j Desktop (neo4j-lucene-index), version: 2.1.4; revision: 2.1.4:2.1-maint:472/9e3b31ae01b01caaaa433d8843b81d7c355e8f69
2014-10-14 18:32:33.324+0000 INFO  [o.n.k.i.DiagnosticsManager]:   Neo4j Desktop (neo4j-graph-matching), version: 2.1.4; revision: 2.1.4:2.1-maint:472/9e3b31ae01b01caaaa433d8843b81d7c355e8f69
2014-10-14 18:32:33.324+0000 INFO  [o.n.k.i.DiagnosticsManager]:   Neo4j Desktop (server-api), version: 2.1.4; revision: 2.1.4:2.1-maint:472/9e3b31ae01b01caaaa433d8843b81d7c355e8f69
2014-10-14 18:32:33.324+0000 INFO  [o.n.k.i.DiagnosticsManager]:   Neo4j Desktop (neo4j-cypher), version: 2.1.4; revision: 2.1.4:2.1-maint:472/9e3b31ae01b01caaaa433d8843b81d7c355e8f69
2014-10-14 18:32:33.324+0000 INFO  [o.n.k.i.DiagnosticsManager]:   Neo4j Desktop (neo4j-desktop), version: 2.1.4; revision: 2.1.4:2.1-maint:472/9e3b31ae01b01caaaa433d8843b81d7c355e8f69
2014-10-14 18:32:33.324+0000 INFO  [o.n.k.i.DiagnosticsManager]:   Neo4j Desktop (neo4j-server), version: 2.1.4; revision: 2.1.4:2.1-maint:472/9e3b31ae01b01caaaa433d8843b81d7c355e8f69
2014-10-14 18:32:33.324+0000 INFO  [o.n.k.i.DiagnosticsManager]:   Neo4j Desktop (neo4j-cypher-compiler-2.0), version: 2.1.4; revision: 2.0.3:2.0-maint:72/307c563c11b75fdc71cfa6df05daf9b08d6c37dc
2014-10-14 18:32:33.324+0000 INFO  [o.n.k.i.DiagnosticsManager]:   Neo4j Desktop (neo4j-graph-algo), version: 2.1.4; revision: 2.1.4:2.1-maint:472/9e3b31ae01b01caaaa433d8843b81d7c355e8f69
2014-10-14 18:32:33.324+0000 INFO  [o.n.k.i.DiagnosticsManager]:   Neo4j Desktop (neo4j-shell), version: 2.1.4; revision: 2.1.4:2.1-maint:472/9e3b31ae01b01caaaa433d8843b81d7c355e8f69
2014-10-14 18:32:33.324+0000 INFO  [o.n.k.i.DiagnosticsManager]:   Neo4j Desktop (neo4j-cypher-compiler-1.9), version: 2.1.4; revision: 2.0.3:2.0-maint:72/307c563c11b75fdc71cfa6df05daf9b08d6c37dc
2014-10-14 18:32:33.324+0000 INFO  [o.n.k.i.DiagnosticsManager]:   Neo4j Desktop (neo4j-udc), version: 2.1.4; revision: 2.1.4:2.1-maint:472/9e3b31ae01b01caaaa433d8843b81d7c355e8f69
2014-10-14 18:32:33.324+0000 INFO  [o.n.k.i.DiagnosticsManager]:   Neo4j Desktop (neo4j-cypher-commons), version: 2.1.4; revision: 2.1.4:2.1-maint:472/9e3b31ae01b01caaaa433d8843b81d7c355e8f69
2014-10-14 18:32:33.324+0000 INFO  [o.n.k.i.DiagnosticsManager]: --- STARTED diagnostics for KernelDiagnostics:Versions END ---
2014-10-14 18:32:33.327+0000 INFO  [o.n.k.i.DiagnosticsManager]: --- STARTED diagnostics for NEO_STORE_VERSIONS START ---
2014-10-14 18:32:33.327+0000 INFO  [o.n.k.i.DiagnosticsManager]: Store versions:
2014-10-14 18:32:33.327+0000 INFO  [o.n.k.i.DiagnosticsManager]: Store versions:
2014-10-14 18:32:33.327+0000 INFO  [o.n.k.i.DiagnosticsManager]:   NeoStore v0.A.3
2014-10-14 18:32:33.327+0000 INFO  [o.n.k.i.DiagnosticsManager]:   SchemaStore v0.A.3
2014-10-14 18:32:33.327+0000 INFO  [o.n.k.i.DiagnosticsManager]:   NodeStore v0.A.3
2014-10-14 18:32:33.327+0000 INFO  [o.n.k.i.DiagnosticsManager]:   RelationshipStore v0.A.3
2014-10-14 18:32:33.327+0000 INFO  [o.n.k.i.DiagnosticsManager]:   RelationshipTypeStore v0.A.3
2014-10-14 18:32:33.327+0000 INFO  [o.n.k.i.DiagnosticsManager]:   LabelTokenStore v0.A.3
2014-10-14 18:32:33.328+0000 INFO  [o.n.k.i.DiagnosticsManager]:   PropertyStore v0.A.3
2014-10-14 18:32:33.328+0000 INFO  [o.n.k.i.DiagnosticsManager]:   PropertyIndexStore v0.A.3
2014-10-14 18:32:33.328+0000 INFO  [o.n.k.i.DiagnosticsManager]:   StringPropertyStore v0.A.3
2014-10-14 18:32:33.328+0000 INFO  [o.n.k.i.DiagnosticsManager]:   ArrayPropertyStore v0.A.3
2014-10-14 18:32:33.328+0000 INFO  [o.n.k.i.DiagnosticsManager]:   RelationshipGroupStore v0.A.3
2014-10-14 18:32:33.328+0000 INFO  [o.n.k.i.DiagnosticsManager]: --- STARTED diagnostics for NEO_STORE_VERSIONS END ---
2014-10-14 18:32:33.328+0000 INFO  [o.n.k.i.DiagnosticsManager]: --- STARTED diagnostics for NEO_STORE_ID_USAGE START ---
2014-10-14 18:32:33.328+0000 INFO  [o.n.k.i.DiagnosticsManager]: Id usage:
2014-10-14 18:32:33.328+0000 INFO  [o.n.k.i.DiagnosticsManager]: Id usage:
2014-10-14 18:32:33.328+0000 INFO  [o.n.k.i.DiagnosticsManager]:   SchemaStore: used=1 high=0
2014-10-14 18:32:33.328+0000 INFO  [o.n.k.i.DiagnosticsManager]:   NodeStore: used=0 high=-1
2014-10-14 18:32:33.328+0000 INFO  [o.n.k.i.DiagnosticsManager]:   RelationshipStore: used=0 high=-1
2014-10-14 18:32:33.329+0000 INFO  [o.n.k.i.DiagnosticsManager]:   RelationshipTypeStore: used=0 high=-1
2014-10-14 18:32:33.329+0000 INFO  [o.n.k.i.DiagnosticsManager]:   LabelTokenStore: used=0 high=-1
2014-10-14 18:32:33.329+0000 INFO  [o.n.k.i.DiagnosticsManager]:   PropertyStore: used=0 high=-1
2014-10-14 18:32:33.329+0000 INFO  [o.n.k.i.DiagnosticsManager]:   PropertyIndexStore: used=0 high=-1
2014-10-14 18:32:33.329+0000 INFO  [o.n.k.i.DiagnosticsManager]:   StringPropertyStore: used=1 high=0
2014-10-14 18:32:33.329+0000 INFO  [o.n.k.i.DiagnosticsManager]:   ArrayPropertyStore: used=1 high=0
2014-10-14 18:32:33.329+0000 INFO  [o.n.k.i.DiagnosticsManager]:   RelationshipGroupStore: used=1 high=0
2014-10-14 18:32:33.329+0000 INFO  [o.n.k.i.DiagnosticsManager]: --- STARTED diagnostics for NEO_STORE_ID_USAGE END ---
2014-10-14 18:32:33.329+0000 INFO  [o.n.k.i.DiagnosticsManager]: --- STARTED diagnostics for PERSISTENCE_WINDOW_POOL_STATS START ---
2014-10-14 18:32:33.330+0000 INFO  [o.n.k.i.DiagnosticsManager]: --- STARTED diagnostics for PERSISTENCE_WINDOW_POOL_STATS END ---
2014-10-14 18:32:33.330+0000 INFO  [o.n.k.i.DiagnosticsManager]: --- STARTED diagnostics for KernelDiagnostics:StoreFiles START ---
2014-10-14 18:32:33.330+0000 INFO  [o.n.k.i.DiagnosticsManager]: Disk space on partition (Total / Free / Free %): 457745244160 / 378545483776 / 82
Storage files: (filename : modification date - size)
2014-10-14 18:32:33.331+0000 INFO  [o.n.k.i.DiagnosticsManager]:   active_tx_log: 2014-10-14T20:32:33+0200 - 11.00 B
2014-10-14 18:32:33.332+0000 INFO  [o.n.k.i.DiagnosticsManager]:   index:
2014-10-14 18:32:33.332+0000 INFO  [o.n.k.i.DiagnosticsManager]:     lucene-store.db: 2014-10-14T20:32:33+0200 - 40.00 B
2014-10-14 18:32:33.332+0000 INFO  [o.n.k.i.DiagnosticsManager]:     lucene.log.1: 2014-10-14T20:32:33+0200 - 16.00 B
2014-10-14 18:32:33.332+0000 INFO  [o.n.k.i.DiagnosticsManager]:     lucene.log.active: 2014-10-14T20:32:33+0200 - 4.00 B
2014-10-14 18:32:33.332+0000 INFO  [o.n.k.i.DiagnosticsManager]:   - Total: 2014-10-14T20:32:33+0200 - 60.00 B
2014-10-14 18:32:33.333+0000 INFO  [o.n.k.i.DiagnosticsManager]:   lock: 2014-10-14T20:32:32+0200 - 0.00 B
2014-10-14 18:32:33.333+0000 INFO  [o.n.k.i.DiagnosticsManager]:   messages.log: 2014-10-14T20:32:33+0200 - 37.51 kB
2014-10-14 18:32:33.333+0000 INFO  [o.n.k.i.DiagnosticsManager]:   neostore: 2014-10-14T20:32:32+0200 - 81.00 B
2014-10-14 18:32:33.333+0000 INFO  [o.n.k.i.DiagnosticsManager]:   neostore.id: 2014-10-14T20:32:32+0200 - 9.00 B
2014-10-14 18:32:33.333+0000 INFO  [o.n.k.i.DiagnosticsManager]:   neostore.labeltokenstore.db: 2014-10-14T20:32:32+0200 - 0.00 B
2014-10-14 18:32:33.334+0000 INFO  [o.n.k.i.DiagnosticsManager]:   neostore.labeltokenstore.db.id: 2014-10-14T20:32:32+0200 - 9.00 B
2014-10-14 18:32:33.334+0000 INFO  [o.n.k.i.DiagnosticsManager]:   neostore.labeltokenstore.db.names: 2014-10-14T20:32:32+0200 - 38.00 B
2014-10-14 18:32:33.334+0000 INFO  [o.n.k.i.DiagnosticsManager]:   neostore.labeltokenstore.db.names.id: 2014-10-14T20:32:32+0200 - 9.00 B
2014-10-14 18:32:33.334+0000 INFO  [o.n.k.i.DiagnosticsManager]:   neostore.nodestore.db: 2014-10-14T20:32:32+0200 - 0.00 B
2014-10-14 18:32:33.334+0000 INFO  [o.n.k.i.DiagnosticsManager]:   neostore.nodestore.db.id: 2014-10-14T20:32:32+0200 - 9.00 B
2014-10-14 18:32:33.335+0000 INFO  [o.n.k.i.DiagnosticsManager]:   neostore.nodestore.db.labels: 2014-10-14T20:32:32+0200 - 68.00 B
2014-10-14 18:32:33.335+0000 INFO  [o.n.k.i.DiagnosticsManager]:   neostore.nodestore.db.labels.id: 2014-10-14T20:32:32+0200 - 9.00 B
2014-10-14 18:32:33.335+0000 INFO  [o.n.k.i.DiagnosticsManager]:   neostore.propertystore.db: 2014-10-14T20:32:32+0200 - 0.00 B
2014-10-14 18:32:33.335+0000 INFO  [o.n.k.i.DiagnosticsManager]:   neostore.propertystore.db.arrays: 2014-10-14T20:32:32+0200 - 128.00 B
2014-10-14 18:32:33.335+0000 INFO  [o.n.k.i.DiagnosticsManager]:   neostore.propertystore.db.arrays.id: 2014-10-14T20:32:32+0200 - 9.00 B
2014-10-14 18:32:33.336+0000 INFO  [o.n.k.i.DiagnosticsManager]:   neostore.propertystore.db.id: 2014-10-14T20:32:32+0200 - 9.00 B
2014-10-14 18:32:33.336+0000 INFO  [o.n.k.i.DiagnosticsManager]:   neostore.propertystore.db.index: 2014-10-14T20:32:32+0200 - 0.00 B
2014-10-14 18:32:33.336+0000 INFO  [o.n.k.i.DiagnosticsManager]:   neostore.propertystore.db.index.id: 2014-10-14T20:32:32+0200 - 9.00 B
2014-10-14 18:32:33.337+0000 INFO  [o.n.k.i.DiagnosticsManager]:   neostore.propertystore.db.index.keys: 2014-10-14T20:32:32+0200 - 38.00 B
2014-10-14 18:32:33.337+0000 INFO  [o.n.k.i.DiagnosticsManager]:   neostore.propertystore.db.index.keys.id: 2014-10-14T20:32:32+0200 - 9.00 B
2014-10-14 18:32:33.337+0000 INFO  [o.n.k.i.DiagnosticsManager]:   neostore.propertystore.db.strings: 2014-10-14T20:32:32+0200 - 128.00 B
2014-10-14 18:32:33.337+0000 INFO  [o.n.k.i.DiagnosticsManager]:   neostore.propertystore.db.strings.id: 2014-10-14T20:32:32+0200 - 9.00 B
2014-10-14 18:32:33.338+0000 INFO  [o.n.k.i.DiagnosticsManager]:   neostore.relationshipgroupstore.db: 2014-10-14T20:32:32+0200 - 25.00 B
2014-10-14 18:32:33.338+0000 INFO  [o.n.k.i.DiagnosticsManager]:   neostore.relationshipgroupstore.db.id: 2014-10-14T20:32:32+0200 - 9.00 B
2014-10-14 18:32:33.338+0000 INFO  [o.n.k.i.DiagnosticsManager]:   neostore.relationshipstore.db: 2014-10-14T20:32:32+0200 - 0.00 B
2014-10-14 18:32:33.338+0000 INFO  [o.n.k.i.DiagnosticsManager]:   neostore.relationshipstore.db.id: 2014-10-14T20:32:32+0200 - 9.00 B
2014-10-14 18:32:33.339+0000 INFO  [o.n.k.i.DiagnosticsManager]:   neostore.relationshiptypestore.db: 2014-10-14T20:32:32+0200 - 0.00 B
2014-10-14 18:32:33.339+0000 INFO  [o.n.k.i.DiagnosticsManager]:   neostore.relationshiptypestore.db.id: 2014-10-14T20:32:32+0200 - 9.00 B
2014-10-14 18:32:33.339+0000 INFO  [o.n.k.i.DiagnosticsManager]:   neostore.relationshiptypestore.db.names: 2014-10-14T20:32:32+0200 - 38.00 B
2014-10-14 18:32:33.339+0000 INFO  [o.n.k.i.DiagnosticsManager]:   neostore.relationshiptypestore.db.names.id: 2014-10-14T20:32:32+0200 - 9.00 B
2014-10-14 18:32:33.339+0000 INFO  [o.n.k.i.DiagnosticsManager]:   neostore.schemastore.db: 2014-10-14T20:32:32+0200 - 64.00 B
2014-10-14 18:32:33.340+0000 INFO  [o.n.k.i.DiagnosticsManager]:   neostore.schemastore.db.id: 2014-10-14T20:32:32+0200 - 9.00 B
2014-10-14 18:32:33.340+0000 INFO  [o.n.k.i.DiagnosticsManager]:   nioneo_logical.log.1: 2014-10-14T20:32:33+0200 - 16.00 B
2014-10-14 18:32:33.340+0000 INFO  [o.n.k.i.DiagnosticsManager]:   nioneo_logical.log.active: 2014-10-14T20:32:33+0200 - 4.00 B
2014-10-14 18:32:33.340+0000 INFO  [o.n.k.i.DiagnosticsManager]:   schema:
2014-10-14 18:32:33.340+0000 INFO  [o.n.k.i.DiagnosticsManager]:     label:
2014-10-14 18:32:33.340+0000 INFO  [o.n.k.i.DiagnosticsManager]:       lucene:
2014-10-14 18:32:33.340+0000 INFO  [o.n.k.i.DiagnosticsManager]:         write.lock: 2014-10-14T20:32:32+0200 - 0.00 B
2014-10-14 18:32:33.340+0000 INFO  [o.n.k.i.DiagnosticsManager]:       - Total: 2014-10-14T20:32:32+0200 - 0.00 B
2014-10-14 18:32:33.341+0000 INFO  [o.n.k.i.DiagnosticsManager]:     - Total: 2014-10-14T20:32:32+0200 - 0.00 B
2014-10-14 18:32:33.341+0000 INFO  [o.n.k.i.DiagnosticsManager]:   - Total: 2014-10-14T20:32:32+0200 - 0.00 B
2014-10-14 18:32:33.341+0000 INFO  [o.n.k.i.DiagnosticsManager]:   store_lock: 2014-10-14T20:32:29+0200 - 0.00 B
2014-10-14 18:32:33.341+0000 INFO  [o.n.k.i.DiagnosticsManager]:   tm_tx_log.1: 2014-10-14T20:32:33+0200 - 0.00 B
2014-10-14 18:32:33.341+0000 INFO  [o.n.k.i.DiagnosticsManager]: --- STARTED diagnostics for KernelDiagnostics:StoreFiles END ---
2014-10-14 18:32:33.387+0000 INFO  [o.n.k.EmbeddedGraphDatabase]: GC Monitor started. 
2014-10-14 18:32:33.388+0000 INFO  [o.n.k.EmbeddedGraphDatabase]: Database is now ready
